Build started 6/24/2013 10:58:33 PM.
     1>Project "D:\SwurvSwagYolo\src\Game1\Game1.vcxproj" on node 2 (build target(s)).
     1>PrepareForBuild:
         Creating directory "D:\SwurvSwagYolo\src\Release\".
       InitializeBuildStatus:
         Creating "Release\Game1.unsuccessfulbuild" because "AlwaysCreate" was specified.
       ClCompile:
         d:\Program Files (x86)\Microsoft Visual Studio 10.0\VC\bin\CL.exe /c /Zi /nologo /W3 /WX- /O2 /Oi /Oy- /GL /D _MBCS /Gm- /EHsc /MD /GS /Gy /fp:precise /Zc:wchar_t /Zc:forScope /Fo"Release\\" /Fd"Release\vc100.pdb" /Gd /TP /analyze- /errorReport:prompt main.cpp
         main.cpp
     1>d:\swurvswagyolo\src\game1\..\ssyLib\Managers\SSYGraphicsManager.h(25): error C2059: syntax error : '<'
     1>d:\swurvswagyolo\src\game1\..\ssyLib\Managers\SSYGraphicsManager.h(25): error C2238: unexpected token(s) preceding ';'
     1>Done Building Project "D:\SwurvSwagYolo\src\Game1\Game1.vcxproj" (build target(s)) -- FAILED.

Build FAILED.

Time Elapsed 00:00:00.61
